<?xml version="1.0" encoding="UTF-8"?>
<!-- Generated by org.testng.reporters.JUnitReportReporter -->
<testsuite hostname="LAPTOP-7IFIPVJD" failures="0" tests="1" name="Test.Testone$LoginTestPage" time="11.134" errors="0" timestamp="2022-06-16T14:27:06 IST" skipped="0">
  <testcase classname="Test.Testone$LoginTestPage" name="loginWithCredentialTest" time="11.134"/>
  <system-out/>
</testsuite> <!-- Test.Testone$LoginTestPage -->
